Unknown command: "docusaurus"


Did you mean this?
  npm run docusaurus # run the "docusaurus" package script
To see a list of supported npm commands, run:
  npm help
Unknown command: "docusaurus"


Did you mean this?
  npm run docusaurus # run the "docusaurus" package script
To see a list of supported npm commands, run:
  npm help
Unknown command: "docusaurus"


Did you mean this?
  npm run docusaurus # run the "docusaurus" package script
To see a list of supported npm commands, run:
  npm help
Unknown command: "docusaurus"


Did you mean this?
  npm run docusaurus # run the "docusaurus" package script
To see a list of supported npm commands, run:
  npm help
Unknown command: "docusaurus"


Did you mean this?
  npm run docusaurus # run the "docusaurus" package script
To see a list of supported npm commands, run:
  npm help
Unknown command: "docusaurus"


Did you mean this?
  npm run docusaurus # run the "docusaurus" package script
To see a list of supported npm commands, run:
  npm help
Unknown command: "docusaurus"


Did you mean this?
  npm run docusaurus # run the "docusaurus" package script
To see a list of supported npm commands, run:
  npm help
Unknown command: "docusaurus"


Did you mean this?
  npm run docusaurus # run the "docusaurus" package script
To see a list of supported npm commands, run:
  npm help
Unknown command: "docusaurus"


Did you mean this?
  npm run docusaurus # run the "docusaurus" package script
To see a list of supported npm commands, run:
  npm help
Unknown command: "docusaurus"


Did you mean this?
  npm run docusaurus # run the "docusaurus" package script
To see a list of supported npm commands, run:
  npm help
Unknown command: "docusaurus"


Did you mean this?
  npm run docusaurus # run the "docusaurus" package script
To see a list of supported npm commands, run:
  npm help
Unknown command: "docusaurus"


Did you mean this?
  npm run docusaurus # run the "docusaurus" package script
To see a list of supported npm commands, run:
  npm help
Unknown command: "docusaurus"


Did you mean this?
  npm run docusaurus # run the "docusaurus" package script
To see a list of supported npm commands, run:
  npm help
Unknown command: "docusaurus"


Did you mean this?
  npm run docusaurus # run the "docusaurus" package script
To see a list of supported npm commands, run:
  npm help
Unknown command: "docusaurus"


Did you mean this?
  npm run docusaurus # run the "docusaurus" package script
To see a list of supported npm commands, run:
  npm help
Unknown command: "docusaurus"


Did you mean this?
  npm run docusaurus # run the "docusaurus" package script
To see a list of supported npm commands, run:
  npm help
Unknown command: "docusaurus"


Did you mean this?
  npm run docusaurus # run the "docusaurus" package script
To see a list of supported npm commands, run:
  npm help
Unknown command: "docusaurus"


Did you mean this?
  npm run docusaurus # run the "docusaurus" package script
To see a list of supported npm commands, run:
  npm help
Unknown command: "docusaurus"


Did you mean this?
  npm run docusaurus # run the "docusaurus" package script
To see a list of supported npm commands, run:
  npm help
Unknown command: "docusaurus"


Did you mean this?
  npm run docusaurus # run the "docusaurus" package script
To see a list of supported npm commands, run:
  npm help
Welcome to Node.js v20.16.0.
Type ".help" for more information.
> 